0 info it worked if it ends with ok
1 verbose cli [ 'C:\\Program Files\\nodejs\\node.exe',
1 verbose cli   'C:\\Program Files\\nodejs\\node_modules\\npm\\bin\\npm-cli.js',
1 verbose cli   'install',
1 verbose cli   'node-curl',
1 verbose cli   '--save' ]
2 info using npm@3.8.9
3 info using node@v6.2.0
4 silly loadCurrentTree Starting
5 silly install loadCurrentTree
6 silly install readLocalPackageData
7 silly fetchPackageMetaData node-curl
8 silly fetchNamedPackageData node-curl
9 silly mapToRegistry name node-curl
10 silly mapToRegistry using default registry
11 silly mapToRegistry registry https://registry.npmjs.org/
12 silly mapToRegistry data Result {
12 silly mapToRegistry   raw: 'node-curl',
12 silly mapToRegistry   scope: null,
12 silly mapToRegistry   name: 'node-curl',
12 silly mapToRegistry   rawSpec: '',
12 silly mapToRegistry   spec: 'latest',
12 silly mapToRegistry   type: 'tag' }
13 silly mapToRegistry uri https://registry.npmjs.org/node-curl
14 verbose request uri https://registry.npmjs.org/node-curl
15 verbose request no auth needed
16 info attempt registry request try #1 at 22:50:05
17 verbose request id 533592ae68023715
18 verbose etag W/"594c6b18-506b"
19 verbose lastModified Fri, 23 Jun 2017 01:12:56 GMT
20 http request GET https://registry.npmjs.org/node-curl
21 info retry will retry, error on last attempt: Error: connect ETIMEDOUT 151.101.76.162:443
22 info attempt registry request try #2 at 22:50:36
23 verbose etag W/"594c6b18-506b"
24 verbose lastModified Fri, 23 Jun 2017 01:12:56 GMT
25 http request GET https://registry.npmjs.org/node-curl
26 http 304 https://registry.npmjs.org/node-curl
27 verbose headers { date: 'Mon, 03 Jul 2017 14:50:38 GMT',
27 verbose headers   via: '1.1 varnish',
27 verbose headers   'cache-control': 'max-age=300',
27 verbose headers   etag: 'W/"594c6b18-506b"',
27 verbose headers   age: '0',
27 verbose headers   connection: 'keep-alive',
27 verbose headers   'x-served-by': 'cache-hkg6825-HKG',
27 verbose headers   'x-cache': 'MISS',
27 verbose headers   'x-cache-hits': '0',
27 verbose headers   'x-timer': 'S1499093439.589606,VS0,VE194',
27 verbose headers   vary: 'Accept-Encoding' }
28 silly get cb [ 304,
28 silly get   { date: 'Mon, 03 Jul 2017 14:50:38 GMT',
28 silly get     via: '1.1 varnish',
28 silly get     'cache-control': 'max-age=300',
28 silly get     etag: 'W/"594c6b18-506b"',
28 silly get     age: '0',
28 silly get     connection: 'keep-alive',
28 silly get     'x-served-by': 'cache-hkg6825-HKG',
28 silly get     'x-cache': 'MISS',
28 silly get     'x-cache-hits': '0',
28 silly get     'x-timer': 'S1499093439.589606,VS0,VE194',
28 silly get     vary: 'Accept-Encoding' } ]
29 verbose etag https://registry.npmjs.org/node-curl from cache
30 verbose get saving node-curl to C:\Users\Administrator\AppData\Roaming\npm-cache\registry.npmjs.org\node-curl\.cache.json
31 verbose correctMkdir C:\Users\Administrator\AppData\Roaming\npm-cache correctMkdir not in flight; initializing
32 silly install normalizeTree
33 silly loadCurrentTree Finishing
34 silly loadIdealTree Starting
35 silly install loadIdealTree
36 silly cloneCurrentTree Starting
37 silly install cloneCurrentTreeToIdealTree
38 silly cloneCurrentTree Finishing
39 silly loadShrinkwrap Starting
40 silly install loadShrinkwrap
41 silly loadShrinkwrap Finishing
42 silly loadAllDepsIntoIdealTree Starting
43 silly install loadAllDepsIntoIdealTree
44 silly resolveWithNewModule node-curl@0.3.3 checking installable status
45 silly cache add args [ 'node-curl', null ]
46 verbose cache add spec node-curl
47 silly cache add parsed spec Result {
47 silly cache add   raw: 'node-curl',
47 silly cache add   scope: null,
47 silly cache add   name: 'node-curl',
47 silly cache add   rawSpec: '',
47 silly cache add   spec: 'latest',
47 silly cache add   type: 'tag' }
48 silly addNamed node-curl@latest
49 verbose addNamed "latest" is being treated as a dist-tag for node-curl
50 info addNameTag [ 'node-curl', 'latest' ]
51 silly mapToRegistry name node-curl
52 silly mapToRegistry using default registry
53 silly mapToRegistry registry https://registry.npmjs.org/
54 silly mapToRegistry data Result {
54 silly mapToRegistry   raw: 'node-curl',
54 silly mapToRegistry   scope: null,
54 silly mapToRegistry   name: 'node-curl',
54 silly mapToRegistry   rawSpec: '',
54 silly mapToRegistry   spec: 'latest',
54 silly mapToRegistry   type: 'tag' }
55 silly mapToRegistry uri https://registry.npmjs.org/node-curl
56 verbose addNameTag registry:https://registry.npmjs.org/node-curl not in flight; fetching
57 verbose get https://registry.npmjs.org/node-curl not expired, no request
58 silly addNameTag next cb for node-curl with tag latest
59 silly addNamed node-curl@0.3.3
60 verbose addNamed "0.3.3" is a plain semver version for node-curl
61 silly cache afterAdd node-curl@0.3.3
62 verbose afterAdd C:\Users\Administrator\AppData\Roaming\npm-cache\node-curl\0.3.3\package\package.json not in flight; writing
63 verbose correctMkdir C:\Users\Administrator\AppData\Roaming\npm-cache correctMkdir not in flight; initializing
64 verbose afterAdd C:\Users\Administrator\AppData\Roaming\npm-cache\node-curl\0.3.3\package\package.json written
65 silly loadAllDepsIntoIdealTree Finishing
66 silly idealTree:prePrune chat@0.0.1
66 silly idealTree:prePrune +-- accepts@1.3.3
66 silly idealTree:prePrune +-- acorn-globals@1.0.9
66 silly idealTree:prePrune +-- acorn@2.7.0
66 silly idealTree:prePrune +-- after@0.8.2
66 silly idealTree:prePrune +-- ajv@4.11.8
66 silly idealTree:prePrune +-- align-text@0.1.4
66 silly idealTree:prePrune +-- amdefine@1.0.1
66 silly idealTree:prePrune +-- array-flatten@1.1.1
66 silly idealTree:prePrune +-- arraybuffer.slice@0.0.6
66 silly idealTree:prePrune +-- asap@1.0.0
66 silly idealTree:prePrune +-- ascli@1.0.1
66 silly idealTree:prePrune +-- asn1@0.2.3
66 silly idealTree:prePrune +-- assert-plus@0.2.0
66 silly idealTree:prePrune +-- async@1.5.2
66 silly idealTree:prePrune +-- asynckit@0.4.0
66 silly idealTree:prePrune +-- aws-sign2@0.6.0
66 silly idealTree:prePrune +-- aws4@1.6.0
66 silly idealTree:prePrune +-- axios@0.16.2
66 silly idealTree:prePrune +-- babel-runtime@6.23.0
66 silly idealTree:prePrune +-- backo2@1.0.2
66 silly idealTree:prePrune +-- balanced-match@1.0.0
66 silly idealTree:prePrune +-- base64-arraybuffer@0.1.5
66 silly idealTree:prePrune +-- base64id@1.0.0
66 silly idealTree:prePrune +-- bcrypt-pbkdf@1.0.1
66 silly idealTree:prePrune +-- better-assert@1.0.2
66 silly idealTree:prePrune +-- bignumber.js@3.1.2
66 silly idealTree:prePrune +-- blob@0.0.4
66 silly idealTree:prePrune +-- body-parser@1.17.1
66 silly idealTree:prePrune +-- boom@2.10.1
66 silly idealTree:prePrune +-- brace-expansion@1.1.8
66 silly idealTree:prePrune +-- bytebuffer@5.0.1
66 silly idealTree:prePrune +-- bytes@2.4.0
66 silly idealTree:prePrune +-- callsite@1.0.0
66 silly idealTree:prePrune +-- camelcase@1.2.1
66 silly idealTree:prePrune +-- caseless@0.12.0
66 silly idealTree:prePrune +-- center-align@0.1.3
66 silly idealTree:prePrune +-- character-parser@1.2.1
66 silly idealTree:prePrune +-- charenc@0.0.2
66 silly idealTree:prePrune +-- clean-css@3.4.25
66 silly idealTree:prePrune | `-- commander@2.8.1
66 silly idealTree:prePrune +-- cliui@2.1.0
66 silly idealTree:prePrune | `-- wordwrap@0.0.2
66 silly idealTree:prePrune +-- co@4.6.0
66 silly idealTree:prePrune +-- colour@0.7.1
66 silly idealTree:prePrune +-- combined-stream@1.0.5
66 silly idealTree:prePrune +-- commander@2.6.0
66 silly idealTree:prePrune +-- component-bind@1.0.0
66 silly idealTree:prePrune +-- component-emitter@1.1.2
66 silly idealTree:prePrune +-- component-inherit@0.0.3
66 silly idealTree:prePrune +-- concat-map@0.0.1
66 silly idealTree:prePrune +-- connect-redis@3.2.0
66 silly idealTree:prePrune +-- constantinople@3.0.2
66 silly idealTree:prePrune +-- content-disposition@0.5.2
66 silly idealTree:prePrune +-- content-type@1.0.2
66 silly idealTree:prePrune +-- cookie-signature@1.0.6
66 silly idealTree:prePrune +-- cookie@0.3.1
66 silly idealTree:prePrune +-- cookiejar@2.1.1
66 silly idealTree:prePrune +-- core-js@2.4.1
66 silly idealTree:prePrune +-- core-util-is@1.0.2
66 silly idealTree:prePrune +-- crypt@0.0.2
66 silly idealTree:prePrune +-- cryptiles@2.0.5
66 silly idealTree:prePrune +-- css-parse@1.0.4
66 silly idealTree:prePrune +-- css-stringify@1.0.5
66 silly idealTree:prePrune +-- css@1.0.8
66 silly idealTree:prePrune +-- dashdash@1.14.1
66 silly idealTree:prePrune | `-- assert-plus@1.0.0
66 silly idealTree:prePrune +-- debug@2.6.1
66 silly idealTree:prePrune +-- decamelize@1.2.0
66 silly idealTree:prePrune +-- delayed-stream@1.0.0
66 silly idealTree:prePrune +-- depd@1.1.0
66 silly idealTree:prePrune +-- destroy@1.0.4
66 silly idealTree:prePrune +-- double-ended-queue@2.1.0-0
66 silly idealTree:prePrune +-- ecc-jsbn@0.1.1
66 silly idealTree:prePrune +-- ee-first@1.1.1
66 silly idealTree:prePrune +-- encodeurl@1.0.1
66 silly idealTree:prePrune +-- engine.io-client@1.8.3
66 silly idealTree:prePrune | +-- component-emitter@1.2.1
66 silly idealTree:prePrune | `-- debug@2.3.3
66 silly idealTree:prePrune +-- engine.io-parser@1.3.2
66 silly idealTree:prePrune +-- engine.io@1.8.3
66 silly idealTree:prePrune | `-- debug@2.3.3
66 silly idealTree:prePrune +-- es6-promise@4.1.1
66 silly idealTree:prePrune +-- escape-html@1.0.3
66 silly idealTree:prePrune +-- etag@1.8.0
66 silly idealTree:prePrune +-- eventemitter3@2.0.3
66 silly idealTree:prePrune +-- express@4.15.2
66 silly idealTree:prePrune +-- extend@3.0.1
66 silly idealTree:prePrune +-- extsprintf@1.0.2
66 silly idealTree:prePrune +-- finalhandler@1.0.1
66 silly idealTree:prePrune | `-- debug@2.6.3
66 silly idealTree:prePrune +-- follow-redirects@1.2.4
66 silly idealTree:prePrune +-- foreachasync@3.0.0
66 silly idealTree:prePrune +-- forever-agent@0.6.1
66 silly idealTree:prePrune +-- form-data@2.2.0
66 silly idealTree:prePrune +-- formidable@1.1.1
66 silly idealTree:prePrune +-- forwarded@0.1.0
66 silly idealTree:prePrune +-- fresh@0.5.0
66 silly idealTree:prePrune +-- fs.realpath@1.0.0
66 silly idealTree:prePrune +-- getpass@0.1.7
66 silly idealTree:prePrune | `-- assert-plus@1.0.0
66 silly idealTree:prePrune +-- glob@7.1.2
66 silly idealTree:prePrune +-- graceful-readlink@1.0.1
66 silly idealTree:prePrune +-- handlebars@4.0.5
66 silly idealTree:prePrune +-- har-schema@1.0.5
66 silly idealTree:prePrune +-- har-validator@4.2.1
66 silly idealTree:prePrune +-- has-binary@0.1.7
66 silly idealTree:prePrune +-- has-cors@1.1.0
66 silly idealTree:prePrune +-- hawk@3.1.3
66 silly idealTree:prePrune +-- hbs@4.0.1
66 silly idealTree:prePrune +-- hoek@2.16.3
66 silly idealTree:prePrune +-- http-errors@1.6.1
66 silly idealTree:prePrune +-- http-signature@1.1.1
66 silly idealTree:prePrune +-- iconv-lite@0.4.15
66 silly idealTree:prePrune +-- indexof@0.0.1
66 silly idealTree:prePrune +-- inflight@1.0.6
66 silly idealTree:prePrune +-- inherits@2.0.3
66 silly idealTree:prePrune +-- ipaddr.js@1.3.0
66 silly idealTree:prePrune +-- is-buffer@1.1.5
66 silly idealTree:prePrune +-- is-promise@2.1.0
66 silly idealTree:prePrune +-- is-typedarray@1.0.0
66 silly idealTree:prePrune +-- isarray@0.0.1
66 silly idealTree:prePrune +-- isstream@0.1.2
66 silly idealTree:prePrune +-- jade@1.11.0
66 silly idealTree:prePrune +-- javascript-state-machine@2.4.0
66 silly idealTree:prePrune +-- jsbn@0.1.1
66 silly idealTree:prePrune +-- json-schema@0.2.3
66 silly idealTree:prePrune +-- json-stable-stringify@1.0.1
66 silly idealTree:prePrune +-- json-stringify-safe@5.0.1
66 silly idealTree:prePrune +-- json3@3.3.2
66 silly idealTree:prePrune +-- jsonify@0.0.0
66 silly idealTree:prePrune +-- jsprim@1.4.0
66 silly idealTree:prePrune | `-- assert-plus@1.0.0
66 silly idealTree:prePrune +-- jstransformer@0.0.2
66 silly idealTree:prePrune +-- kind-of@3.1.0
66 silly idealTree:prePrune +-- lazy-cache@1.0.4
66 silly idealTree:prePrune +-- leancloud-realtime-plugin-live-query@1.0.0
66 silly idealTree:prePrune +-- leancloud-realtime-plugin-typed-messages@2.0.0
66 silly idealTree:prePrune +-- leancloud-realtime@3.5.2
66 silly idealTree:prePrune | +-- ultron@1.1.0
66 silly idealTree:prePrune | `-- ws@3.0.0
66 silly idealTree:prePrune +-- leancloud-storage@3.0.1
66 silly idealTree:prePrune +-- localstorage-memory@1.0.2
66 silly idealTree:prePrune +-- lodash@4.17.4
66 silly idealTree:prePrune +-- long@3.2.0
66 silly idealTree:prePrune +-- longest@1.0.1
66 silly idealTree:prePrune +-- md5@2.2.1
66 silly idealTree:prePrune +-- media-typer@0.3.0
66 silly idealTree:prePrune +-- merge-descriptors@1.0.1
66 silly idealTree:prePrune +-- methods@1.1.2
66 silly idealTree:prePrune +-- mime-db@1.27.0
66 silly idealTree:prePrune +-- mime-types@2.1.15
66 silly idealTree:prePrune +-- mime@1.3.4
66 silly idealTree:prePrune +-- minimatch@3.0.4
66 silly idealTree:prePrune +-- minimist@0.0.10
66 silly idealTree:prePrune +-- mkdirp@0.5.1
66 silly idealTree:prePrune | `-- minimist@0.0.8
66 silly idealTree:prePrune +-- ms@0.7.2
66 silly idealTree:prePrune +-- negotiator@0.6.1
66 silly idealTree:prePrune +-- node-curl@0.3.3
66 silly idealTree:prePrune +-- oauth-sign@0.8.2
66 silly idealTree:prePrune +-- object-assign@4.1.0
66 silly idealTree:prePrune +-- object-component@0.0.3
66 silly idealTree:prePrune +-- on-finished@2.3.0
66 silly idealTree:prePrune +-- once@1.4.0
66 silly idealTree:prePrune +-- optimist@0.6.1
66 silly idealTree:prePrune +-- options@0.0.6
66 silly idealTree:prePrune +-- optjs@3.2.2
66 silly idealTree:prePrune +-- parsejson@0.0.3
66 silly idealTree:prePrune +-- parseqs@0.0.5
66 silly idealTree:prePrune +-- parseuri@0.0.5
66 silly idealTree:prePrune +-- parseurl@1.3.1
66 silly idealTree:prePrune +-- path-is-absolute@1.0.1
66 silly idealTree:prePrune +-- path-to-regexp@0.1.7
66 silly idealTree:prePrune +-- performance-now@0.2.0
66 silly idealTree:prePrune +-- pool-redis@0.1.2
66 silly idealTree:prePrune +-- process-nextick-args@1.0.7
66 silly idealTree:prePrune +-- promise@6.1.0
66 silly idealTree:prePrune +-- protobufjs@5.0.2
66 silly idealTree:prePrune +-- proxy-addr@1.1.4
66 silly idealTree:prePrune +-- punycode@1.4.1
66 silly idealTree:prePrune +-- qs@6.4.0
66 silly idealTree:prePrune +-- range-parser@1.2.0
66 silly idealTree:prePrune +-- raw-body@2.2.0
66 silly idealTree:prePrune +-- readable-stream@1.1.14
66 silly idealTree:prePrune +-- redis-commands@1.3.1
66 silly idealTree:prePrune +-- redis-parser@2.6.0
66 silly idealTree:prePrune +-- redis@2.7.1
66 silly idealTree:prePrune +-- regenerator-runtime@0.10.5
66 silly idealTree:prePrune +-- repeat-string@1.6.1
66 silly idealTree:prePrune +-- request@2.81.0
66 silly idealTree:prePrune | `-- form-data@2.1.4
66 silly idealTree:prePrune +-- right-align@0.1.3
66 silly idealTree:prePrune +-- safe-buffer@5.0.1
66 silly idealTree:prePrune +-- send@0.15.1
66 silly idealTree:prePrune +-- serve-static@1.12.1
66 silly idealTree:prePrune +-- setprototypeof@1.0.3
66 silly idealTree:prePrune +-- sntp@1.0.9
66 silly idealTree:prePrune +-- source-map@0.4.4
66 silly idealTree:prePrune +-- sqlstring@2.2.0
66 silly idealTree:prePrune +-- sshpk@1.13.1
66 silly idealTree:prePrune | `-- assert-plus@1.0.0
66 silly idealTree:prePrune +-- statuses@1.3.1
66 silly idealTree:prePrune +-- string_decoder@0.10.31
66 silly idealTree:prePrune +-- stringstream@0.0.5
66 silly idealTree:prePrune +-- superagent@3.5.2
66 silly idealTree:prePrune | +-- component-emitter@1.2.1
66 silly idealTree:prePrune | +-- isarray@1.0.0
66 silly idealTree:prePrune | +-- readable-stream@2.3.3
66 silly idealTree:prePrune | +-- safe-buffer@5.1.1
66 silly idealTree:prePrune | `-- string_decoder@1.0.3
66 silly idealTree:prePrune +-- to-array@0.1.4
66 silly idealTree:prePrune +-- tough-cookie@2.3.2
66 silly idealTree:prePrune +-- transformers@2.1.0
66 silly idealTree:prePrune | +-- is-promise@1.0.1
66 silly idealTree:prePrune | +-- optimist@0.3.7
66 silly idealTree:prePrune | +-- promise@2.0.0
66 silly idealTree:prePrune | +-- source-map@0.1.43
66 silly idealTree:prePrune | `-- uglify-js@2.2.5
66 silly idealTree:prePrune +-- tunnel-agent@0.6.0
66 silly idealTree:prePrune +-- tweetnacl@0.14.5
66 silly idealTree:prePrune +-- type-is@1.6.15
66 silly idealTree:prePrune +-- uglify-js@2.8.21
66 silly idealTree:prePrune | `-- source-map@0.5.6
66 silly idealTree:prePrune +-- uglify-to-browserify@1.0.2
66 silly idealTree:prePrune +-- ultron@1.0.2
66 silly idealTree:prePrune +-- underscore@1.8.3
66 silly idealTree:prePrune +-- unpipe@1.0.0
66 silly idealTree:prePrune +-- util-deprecate@1.0.2
66 silly idealTree:prePrune +-- utils-merge@1.0.0
66 silly idealTree:prePrune +-- uuid@3.1.0
66 silly idealTree:prePrune +-- vary@1.1.1
66 silly idealTree:prePrune +-- verror@1.3.6
66 silly idealTree:prePrune +-- void-elements@2.0.1
66 silly idealTree:prePrune +-- walk@2.3.9
66 silly idealTree:prePrune +-- window-size@0.1.0
66 silly idealTree:prePrune +-- with@4.0.3
66 silly idealTree:prePrune | `-- acorn@1.2.2
66 silly idealTree:prePrune +-- wordwrap@0.0.3
66 silly idealTree:prePrune +-- wrappy@1.0.2
66 silly idealTree:prePrune +-- ws@1.1.2
66 silly idealTree:prePrune +-- wtf-8@1.0.0
66 silly idealTree:prePrune +-- xmlhttprequest-ssl@1.5.3
66 silly idealTree:prePrune +-- yargs@3.10.0
66 silly idealTree:prePrune `-- yeast@0.1.2
67 silly loadIdealTree Finishing
68 silly currentTree chat@0.0.1
68 silly currentTree +-- accepts@1.3.3
68 silly currentTree +-- acorn-globals@1.0.9
68 silly currentTree +-- acorn@2.7.0
68 silly currentTree +-- after@0.8.2
68 silly currentTree +-- ajv@4.11.8
68 silly currentTree +-- align-text@0.1.4
68 silly currentTree +-- amdefine@1.0.1
68 silly currentTree +-- array-flatten@1.1.1
68 silly currentTree +-- arraybuffer.slice@0.0.6
68 silly currentTree +-- asap@1.0.0
68 silly currentTree +-- ascli@1.0.1
68 silly currentTree +-- asn1@0.2.3
68 silly currentTree +-- assert-plus@0.2.0
68 silly currentTree +-- async@1.5.2
68 silly currentTree +-- asynckit@0.4.0
68 silly currentTree +-- aws-sign2@0.6.0
68 silly currentTree +-- aws4@1.6.0
68 silly currentTree +-- axios@0.16.2
68 silly currentTree +-- babel-runtime@6.23.0
68 silly currentTree +-- backo2@1.0.2
68 silly currentTree +-- balanced-match@1.0.0
68 silly currentTree +-- base64-arraybuffer@0.1.5
68 silly currentTree +-- base64id@1.0.0
68 silly currentTree +-- bcrypt-pbkdf@1.0.1
68 silly currentTree +-- better-assert@1.0.2
68 silly currentTree +-- bignumber.js@3.1.2
68 silly currentTree +-- blob@0.0.4
68 silly currentTree +-- body-parser@1.17.1
68 silly currentTree +-- boom@2.10.1
68 silly currentTree +-- brace-expansion@1.1.8
68 silly currentTree +-- bytebuffer@5.0.1
68 silly currentTree +-- bytes@2.4.0
68 silly currentTree +-- callsite@1.0.0
68 silly currentTree +-- camelcase@1.2.1
68 silly currentTree +-- caseless@0.12.0
68 silly currentTree +-- center-align@0.1.3
68 silly currentTree +-- character-parser@1.2.1
68 silly currentTree +-- charenc@0.0.2
68 silly currentTree +-- clean-css@3.4.25
68 silly currentTree | `-- commander@2.8.1
68 silly currentTree +-- cliui@2.1.0
68 silly currentTree | `-- wordwrap@0.0.2
68 silly currentTree +-- co@4.6.0
68 silly currentTree +-- colour@0.7.1
68 silly currentTree +-- combined-stream@1.0.5
68 silly currentTree +-- commander@2.6.0
68 silly currentTree +-- component-bind@1.0.0
68 silly currentTree +-- component-emitter@1.1.2
68 silly currentTree +-- component-inherit@0.0.3
68 silly currentTree +-- concat-map@0.0.1
68 silly currentTree +-- connect-redis@3.2.0
68 silly currentTree +-- constantinople@3.0.2
68 silly currentTree +-- content-disposition@0.5.2
68 silly currentTree +-- content-type@1.0.2
68 silly currentTree +-- cookie-signature@1.0.6
68 silly currentTree +-- cookie@0.3.1
68 silly currentTree +-- cookiejar@2.1.1
68 silly currentTree +-- core-js@2.4.1
68 silly currentTree +-- core-util-is@1.0.2
68 silly currentTree +-- crypt@0.0.2
68 silly currentTree +-- cryptiles@2.0.5
68 silly currentTree +-- css-parse@1.0.4
68 silly currentTree +-- css-stringify@1.0.5
68 silly currentTree +-- css@1.0.8
68 silly currentTree +-- dashdash@1.14.1
68 silly currentTree | `-- assert-plus@1.0.0
68 silly currentTree +-- debug@2.6.1
68 silly currentTree +-- decamelize@1.2.0
68 silly currentTree +-- delayed-stream@1.0.0
68 silly currentTree +-- depd@1.1.0
68 silly currentTree +-- destroy@1.0.4
68 silly currentTree +-- double-ended-queue@2.1.0-0
68 silly currentTree +-- ecc-jsbn@0.1.1
68 silly currentTree +-- ee-first@1.1.1
68 silly currentTree +-- encodeurl@1.0.1
68 silly currentTree +-- engine.io-client@1.8.3
68 silly currentTree | +-- component-emitter@1.2.1
68 silly currentTree | `-- debug@2.3.3
68 silly currentTree +-- engine.io-parser@1.3.2
68 silly currentTree +-- engine.io@1.8.3
68 silly currentTree | `-- debug@2.3.3
68 silly currentTree +-- es6-promise@4.1.1
68 silly currentTree +-- escape-html@1.0.3
68 silly currentTree +-- etag@1.8.0
68 silly currentTree +-- eventemitter3@2.0.3
68 silly currentTree +-- express@4.15.2
68 silly currentTree +-- extend@3.0.1
68 silly currentTree +-- extsprintf@1.0.2
68 silly currentTree +-- finalhandler@1.0.1
68 silly currentTree | `-- debug@2.6.3
68 silly currentTree +-- follow-redirects@1.2.4
68 silly currentTree +-- foreachasync@3.0.0
68 silly currentTree +-- forever-agent@0.6.1
68 silly currentTree +-- form-data@2.2.0
68 silly currentTree +-- formidable@1.1.1
68 silly currentTree +-- forwarded@0.1.0
68 silly currentTree +-- fresh@0.5.0
68 silly currentTree +-- fs.realpath@1.0.0
68 silly currentTree +-- getpass@0.1.7
68 silly currentTree | `-- assert-plus@1.0.0
68 silly currentTree +-- glob@7.1.2
68 silly currentTree +-- graceful-readlink@1.0.1
68 silly currentTree +-- handlebars@4.0.5
68 silly currentTree +-- har-schema@1.0.5
68 silly currentTree +-- har-validator@4.2.1
68 silly currentTree +-- has-binary@0.1.7
68 silly currentTree +-- has-cors@1.1.0
68 silly currentTree +-- hawk@3.1.3
68 silly currentTree +-- hbs@4.0.1
68 silly currentTree +-- hoek@2.16.3
68 silly currentTree +-- http-errors@1.6.1
68 silly currentTree +-- http-signature@1.1.1
68 silly currentTree +-- iconv-lite@0.4.15
68 silly currentTree +-- indexof@0.0.1
68 silly currentTree +-- inflight@1.0.6
68 silly currentTree +-- inherits@2.0.3
68 silly currentTree +-- ipaddr.js@1.3.0
68 silly currentTree +-- is-buffer@1.1.5
68 silly currentTree +-- is-promise@2.1.0
68 silly currentTree +-- is-typedarray@1.0.0
68 silly currentTree +-- isarray@0.0.1
68 silly currentTree +-- isstream@0.1.2
68 silly currentTree +-- jade@1.11.0
68 silly currentTree +-- javascript-state-machine@2.4.0
68 silly currentTree +-- jsbn@0.1.1
68 silly currentTree +-- json-schema@0.2.3
68 silly currentTree +-- json-stable-stringify@1.0.1
68 silly currentTree +-- json-stringify-safe@5.0.1
68 silly currentTree +-- json3@3.3.2
68 silly currentTree +-- jsonify@0.0.0
68 silly currentTree +-- jsprim@1.4.0
68 silly currentTree | `-- assert-plus@1.0.0
68 silly currentTree +-- jstransformer@0.0.2
68 silly currentTree +-- kind-of@3.1.0
68 silly currentTree +-- lazy-cache@1.0.4
68 silly currentTree +-- leancloud-realtime-plugin-live-query@1.0.0
68 silly currentTree +-- leancloud-realtime-plugin-typed-messages@2.0.0
68 silly currentTree +-- leancloud-realtime@3.5.2
68 silly currentTree | +-- ultron@1.1.0
68 silly currentTree | `-- ws@3.0.0
68 silly currentTree +-- leancloud-storage@3.0.1
68 silly currentTree +-- localstorage-memory@1.0.2
68 silly currentTree +-- lodash@4.17.4
68 silly currentTree +-- long@3.2.0
68 silly currentTree +-- longest@1.0.1
68 silly currentTree +-- md5@2.2.1
68 silly currentTree +-- media-typer@0.3.0
68 silly currentTree +-- merge-descriptors@1.0.1
68 silly currentTree +-- methods@1.1.2
68 silly currentTree +-- mime-db@1.27.0
68 silly currentTree +-- mime-types@2.1.15
68 silly currentTree +-- mime@1.3.4
68 silly currentTree +-- minimatch@3.0.4
68 silly currentTree +-- minimist@0.0.10
68 silly currentTree +-- mkdirp@0.5.1
68 silly currentTree | `-- minimist@0.0.8
68 silly currentTree +-- ms@0.7.2
68 silly currentTree +-- negotiator@0.6.1
68 silly currentTree +-- oauth-sign@0.8.2
68 silly currentTree +-- object-assign@4.1.0
68 silly currentTree +-- object-component@0.0.3
68 silly currentTree +-- on-finished@2.3.0
68 silly currentTree +-- once@1.4.0
68 silly currentTree +-- optimist@0.6.1
68 silly currentTree +-- options@0.0.6
68 silly currentTree +-- optjs@3.2.2
68 silly currentTree +-- parsejson@0.0.3
68 silly currentTree +-- parseqs@0.0.5
68 silly currentTree +-- parseuri@0.0.5
68 silly currentTree +-- parseurl@1.3.1
68 silly currentTree +-- path-is-absolute@1.0.1
68 silly currentTree +-- path-to-regexp@0.1.7
68 silly currentTree +-- performance-now@0.2.0
68 silly currentTree +-- pool-redis@0.1.2
68 silly currentTree +-- process-nextick-args@1.0.7
68 silly currentTree +-- promise@6.1.0
68 silly currentTree +-- protobufjs@5.0.2
68 silly currentTree +-- proxy-addr@1.1.4
68 silly currentTree +-- punycode@1.4.1
68 silly currentTree +-- qs@6.4.0
68 silly currentTree +-- range-parser@1.2.0
68 silly currentTree +-- raw-body@2.2.0
68 silly currentTree +-- readable-stream@1.1.14
68 silly currentTree +-- redis-commands@1.3.1
68 silly currentTree +-- redis-parser@2.6.0
68 silly currentTree +-- redis@2.7.1
68 silly currentTree +-- regenerator-runtime@0.10.5
68 silly currentTree +-- repeat-string@1.6.1
68 silly currentTree +-- request@2.81.0
68 silly currentTree | `-- form-data@2.1.4
68 silly currentTree +-- right-align@0.1.3
68 silly currentTree +-- safe-buffer@5.0.1
68 silly currentTree +-- send@0.15.1
68 silly currentTree +-- serve-static@1.12.1
68 silly currentTree +-- setprototypeof@1.0.3
68 silly currentTree +-- sntp@1.0.9
68 silly currentTree +-- source-map@0.4.4
68 silly currentTree +-- sqlstring@2.2.0
68 silly currentTree +-- sshpk@1.13.1
68 silly currentTree | `-- assert-plus@1.0.0
68 silly currentTree +-- statuses@1.3.1
68 silly currentTree +-- string_decoder@0.10.31
68 silly currentTree +-- stringstream@0.0.5
68 silly currentTree +-- superagent@3.5.2
68 silly currentTree | +-- component-emitter@1.2.1
68 silly currentTree | +-- isarray@1.0.0
68 silly currentTree | +-- readable-stream@2.3.3
68 silly currentTree | +-- safe-buffer@5.1.1
68 silly currentTree | `-- string_decoder@1.0.3
68 silly currentTree +-- to-array@0.1.4
68 silly currentTree +-- tough-cookie@2.3.2
68 silly currentTree +-- transformers@2.1.0
68 silly currentTree | +-- is-promise@1.0.1
68 silly currentTree | +-- optimist@0.3.7
68 silly currentTree | +-- promise@2.0.0
68 silly currentTree | +-- source-map@0.1.43
68 silly currentTree | `-- uglify-js@2.2.5
68 silly currentTree +-- tunnel-agent@0.6.0
68 silly currentTree +-- tweetnacl@0.14.5
68 silly currentTree +-- type-is@1.6.15
68 silly currentTree +-- uglify-js@2.8.21
68 silly currentTree | `-- source-map@0.5.6
68 silly currentTree +-- uglify-to-browserify@1.0.2
68 silly currentTree +-- ultron@1.0.2
68 silly currentTree +-- underscore@1.8.3
68 silly currentTree +-- unpipe@1.0.0
68 silly currentTree +-- util-deprecate@1.0.2
68 silly currentTree +-- utils-merge@1.0.0
68 silly currentTree +-- uuid@3.1.0
68 silly currentTree +-- vary@1.1.1
68 silly currentTree +-- verror@1.3.6
68 silly currentTree +-- void-elements@2.0.1
68 silly currentTree +-- walk@2.3.9
68 silly currentTree +-- window-size@0.1.0
68 silly currentTree +-- with@4.0.3
68 silly currentTree | `-- acorn@1.2.2
68 silly currentTree +-- wordwrap@0.0.3
68 silly currentTree +-- wrappy@1.0.2
68 silly currentTree +-- ws@1.1.2
68 silly currentTree +-- wtf-8@1.0.0
68 silly currentTree +-- xmlhttprequest-ssl@1.5.3
68 silly currentTree +-- yargs@3.10.0
68 silly currentTree `-- yeast@0.1.2
69 silly idealTree chat@0.0.1
69 silly idealTree +-- accepts@1.3.3
69 silly idealTree +-- acorn-globals@1.0.9
69 silly idealTree +-- acorn@2.7.0
69 silly idealTree +-- after@0.8.2
69 silly idealTree +-- ajv@4.11.8
69 silly idealTree +-- align-text@0.1.4
69 silly idealTree +-- amdefine@1.0.1
69 silly idealTree +-- array-flatten@1.1.1
69 silly idealTree +-- arraybuffer.slice@0.0.6
69 silly idealTree +-- asap@1.0.0
69 silly idealTree +-- ascli@1.0.1
69 silly idealTree +-- asn1@0.2.3
69 silly idealTree +-- assert-plus@0.2.0
69 silly idealTree +-- async@1.5.2
69 silly idealTree +-- asynckit@0.4.0
69 silly idealTree +-- aws-sign2@0.6.0
69 silly idealTree +-- aws4@1.6.0
69 silly idealTree +-- axios@0.16.2
69 silly idealTree +-- babel-runtime@6.23.0
69 silly idealTree +-- backo2@1.0.2
69 silly idealTree +-- balanced-match@1.0.0
69 silly idealTree +-- base64-arraybuffer@0.1.5
69 silly idealTree +-- base64id@1.0.0
69 silly idealTree +-- bcrypt-pbkdf@1.0.1
69 silly idealTree +-- better-assert@1.0.2
69 silly idealTree +-- bignumber.js@3.1.2
69 silly idealTree +-- blob@0.0.4
69 silly idealTree +-- body-parser@1.17.1
69 silly idealTree +-- boom@2.10.1
69 silly idealTree +-- brace-expansion@1.1.8
69 silly idealTree +-- bytebuffer@5.0.1
69 silly idealTree +-- bytes@2.4.0
69 silly idealTree +-- callsite@1.0.0
69 silly idealTree +-- camelcase@1.2.1
69 silly idealTree +-- caseless@0.12.0
69 silly idealTree +-- center-align@0.1.3
69 silly idealTree +-- character-parser@1.2.1
69 silly idealTree +-- charenc@0.0.2
69 silly idealTree +-- clean-css@3.4.25
69 silly idealTree | `-- commander@2.8.1
69 silly idealTree +-- cliui@2.1.0
69 silly idealTree | `-- wordwrap@0.0.2
69 silly idealTree +-- co@4.6.0
69 silly idealTree +-- colour@0.7.1
69 silly idealTree +-- combined-stream@1.0.5
69 silly idealTree +-- commander@2.6.0
69 silly idealTree +-- component-bind@1.0.0
69 silly idealTree +-- component-emitter@1.1.2
69 silly idealTree +-- component-inherit@0.0.3
69 silly idealTree +-- concat-map@0.0.1
69 silly idealTree +-- connect-redis@3.2.0
69 silly idealTree +-- constantinople@3.0.2
69 silly idealTree +-- content-disposition@0.5.2
69 silly idealTree +-- content-type@1.0.2
69 silly idealTree +-- cookie-signature@1.0.6
69 silly idealTree +-- cookie@0.3.1
69 silly idealTree +-- cookiejar@2.1.1
69 silly idealTree +-- core-js@2.4.1
69 silly idealTree +-- core-util-is@1.0.2
69 silly idealTree +-- crypt@0.0.2
69 silly idealTree +-- cryptiles@2.0.5
69 silly idealTree +-- css-parse@1.0.4
69 silly idealTree +-- css-stringify@1.0.5
69 silly idealTree +-- css@1.0.8
69 silly idealTree +-- dashdash@1.14.1
69 silly idealTree | `-- assert-plus@1.0.0
69 silly idealTree +-- debug@2.6.1
69 silly idealTree +-- decamelize@1.2.0
69 silly idealTree +-- delayed-stream@1.0.0
69 silly idealTree +-- depd@1.1.0
69 silly idealTree +-- destroy@1.0.4
69 silly idealTree +-- double-ended-queue@2.1.0-0
69 silly idealTree +-- ecc-jsbn@0.1.1
69 silly idealTree +-- ee-first@1.1.1
69 silly idealTree +-- encodeurl@1.0.1
69 silly idealTree +-- engine.io-client@1.8.3
69 silly idealTree | +-- component-emitter@1.2.1
69 silly idealTree | `-- debug@2.3.3
69 silly idealTree +-- engine.io-parser@1.3.2
69 silly idealTree +-- engine.io@1.8.3
69 silly idealTree | `-- debug@2.3.3
69 silly idealTree +-- es6-promise@4.1.1
69 silly idealTree +-- escape-html@1.0.3
69 silly idealTree +-- etag@1.8.0
69 silly idealTree +-- eventemitter3@2.0.3
69 silly idealTree +-- express@4.15.2
69 silly idealTree +-- extend@3.0.1
69 silly idealTree +-- extsprintf@1.0.2
69 silly idealTree +-- finalhandler@1.0.1
69 silly idealTree | `-- debug@2.6.3
69 silly idealTree +-- follow-redirects@1.2.4
69 silly idealTree +-- foreachasync@3.0.0
69 silly idealTree +-- forever-agent@0.6.1
69 silly idealTree +-- form-data@2.2.0
69 silly idealTree +-- formidable@1.1.1
69 silly idealTree +-- forwarded@0.1.0
69 silly idealTree +-- fresh@0.5.0
69 silly idealTree +-- fs.realpath@1.0.0
69 silly idealTree +-- getpass@0.1.7
69 silly idealTree | `-- assert-plus@1.0.0
69 silly idealTree +-- glob@7.1.2
69 silly idealTree +-- graceful-readlink@1.0.1
69 silly idealTree +-- handlebars@4.0.5
69 silly idealTree +-- har-schema@1.0.5
69 silly idealTree +-- har-validator@4.2.1
69 silly idealTree +-- has-binary@0.1.7
69 silly idealTree +-- has-cors@1.1.0
69 silly idealTree +-- hawk@3.1.3
69 silly idealTree +-- hbs@4.0.1
69 silly idealTree +-- hoek@2.16.3
69 silly idealTree +-- http-errors@1.6.1
69 silly idealTree +-- http-signature@1.1.1
69 silly idealTree +-- iconv-lite@0.4.15
69 silly idealTree +-- indexof@0.0.1
69 silly idealTree +-- inflight@1.0.6
69 silly idealTree +-- inherits@2.0.3
69 silly idealTree +-- ipaddr.js@1.3.0
69 silly idealTree +-- is-buffer@1.1.5
69 silly idealTree +-- is-promise@2.1.0
69 silly idealTree +-- is-typedarray@1.0.0
69 silly idealTree +-- isarray@0.0.1
69 silly idealTree +-- isstream@0.1.2
69 silly idealTree +-- jade@1.11.0
69 silly idealTree +-- javascript-state-machine@2.4.0
69 silly idealTree +-- jsbn@0.1.1
69 silly idealTree +-- json-schema@0.2.3
69 silly idealTree +-- json-stable-stringify@1.0.1
69 silly idealTree +-- json-stringify-safe@5.0.1
69 silly idealTree +-- json3@3.3.2
69 silly idealTree +-- jsonify@0.0.0
69 silly idealTree +-- jsprim@1.4.0
69 silly idealTree | `-- assert-plus@1.0.0
69 silly idealTree +-- jstransformer@0.0.2
69 silly idealTree +-- kind-of@3.1.0
69 silly idealTree +-- lazy-cache@1.0.4
69 silly idealTree +-- leancloud-realtime-plugin-live-query@1.0.0
69 silly idealTree +-- leancloud-realtime-plugin-typed-messages@2.0.0
69 silly idealTree +-- leancloud-realtime@3.5.2
69 silly idealTree | +-- ultron@1.1.0
69 silly idealTree | `-- ws@3.0.0
69 silly idealTree +-- leancloud-storage@3.0.1
69 silly idealTree +-- localstorage-memory@1.0.2
69 silly idealTree +-- lodash@4.17.4
69 silly idealTree +-- long@3.2.0
69 silly idealTree +-- longest@1.0.1
69 silly idealTree +-- md5@2.2.1
69 silly idealTree +-- media-typer@0.3.0
69 silly idealTree +-- merge-descriptors@1.0.1
69 silly idealTree +-- methods@1.1.2
69 silly idealTree +-- mime-db@1.27.0
69 silly idealTree +-- mime-types@2.1.15
69 silly idealTree +-- mime@1.3.4
69 silly idealTree +-- minimatch@3.0.4
69 silly idealTree +-- minimist@0.0.10
69 silly idealTree +-- mkdirp@0.5.1
69 silly idealTree | `-- minimist@0.0.8
69 silly idealTree +-- ms@0.7.2
69 silly idealTree +-- negotiator@0.6.1
69 silly idealTree +-- node-curl@0.3.3
69 silly idealTree +-- oauth-sign@0.8.2
69 silly idealTree +-- object-assign@4.1.0
69 silly idealTree +-- object-component@0.0.3
69 silly idealTree +-- on-finished@2.3.0
69 silly idealTree +-- once@1.4.0
69 silly idealTree +-- optimist@0.6.1
69 silly idealTree +-- options@0.0.6
69 silly idealTree +-- optjs@3.2.2
69 silly idealTree +-- parsejson@0.0.3
69 silly idealTree +-- parseqs@0.0.5
69 silly idealTree +-- parseuri@0.0.5
69 silly idealTree +-- parseurl@1.3.1
69 silly idealTree +-- path-is-absolute@1.0.1
69 silly idealTree +-- path-to-regexp@0.1.7
69 silly idealTree +-- performance-now@0.2.0
69 silly idealTree +-- pool-redis@0.1.2
69 silly idealTree +-- process-nextick-args@1.0.7
69 silly idealTree +-- promise@6.1.0
69 silly idealTree +-- protobufjs@5.0.2
69 silly idealTree +-- proxy-addr@1.1.4
69 silly idealTree +-- punycode@1.4.1
69 silly idealTree +-- qs@6.4.0
69 silly idealTree +-- range-parser@1.2.0
69 silly idealTree +-- raw-body@2.2.0
69 silly idealTree +-- readable-stream@1.1.14
69 silly idealTree +-- redis-commands@1.3.1
69 silly idealTree +-- redis-parser@2.6.0
69 silly idealTree +-- redis@2.7.1
69 silly idealTree +-- regenerator-runtime@0.10.5
69 silly idealTree +-- repeat-string@1.6.1
69 silly idealTree +-- request@2.81.0
69 silly idealTree | `-- form-data@2.1.4
69 silly idealTree +-- right-align@0.1.3
69 silly idealTree +-- safe-buffer@5.0.1
69 silly idealTree +-- send@0.15.1
69 silly idealTree +-- serve-static@1.12.1
69 silly idealTree +-- setprototypeof@1.0.3
69 silly idealTree +-- sntp@1.0.9
69 silly idealTree +-- source-map@0.4.4
69 silly idealTree +-- sqlstring@2.2.0
69 silly idealTree +-- sshpk@1.13.1
69 silly idealTree | `-- assert-plus@1.0.0
69 silly idealTree +-- statuses@1.3.1
69 silly idealTree +-- string_decoder@0.10.31
69 silly idealTree +-- stringstream@0.0.5
69 silly idealTree +-- superagent@3.5.2
69 silly idealTree | +-- component-emitter@1.2.1
69 silly idealTree | +-- isarray@1.0.0
69 silly idealTree | +-- readable-stream@2.3.3
69 silly idealTree | +-- safe-buffer@5.1.1
69 silly idealTree | `-- string_decoder@1.0.3
69 silly idealTree +-- to-array@0.1.4
69 silly idealTree +-- tough-cookie@2.3.2
69 silly idealTree +-- transformers@2.1.0
69 silly idealTree | +-- is-promise@1.0.1
69 silly idealTree | +-- optimist@0.3.7
69 silly idealTree | +-- promise@2.0.0
69 silly idealTree | +-- source-map@0.1.43
69 silly idealTree | `-- uglify-js@2.2.5
69 silly idealTree +-- tunnel-agent@0.6.0
69 silly idealTree +-- tweetnacl@0.14.5
69 silly idealTree +-- type-is@1.6.15
69 silly idealTree +-- uglify-js@2.8.21
69 silly idealTree | `-- source-map@0.5.6
69 silly idealTree +-- uglify-to-browserify@1.0.2
69 silly idealTree +-- ultron@1.0.2
69 silly idealTree +-- underscore@1.8.3
69 silly idealTree +-- unpipe@1.0.0
69 silly idealTree +-- util-deprecate@1.0.2
69 silly idealTree +-- utils-merge@1.0.0
69 silly idealTree +-- uuid@3.1.0
69 silly idealTree +-- vary@1.1.1
69 silly idealTree +-- verror@1.3.6
69 silly idealTree +-- void-elements@2.0.1
69 silly idealTree +-- walk@2.3.9
69 silly idealTree +-- window-size@0.1.0
69 silly idealTree +-- with@4.0.3
69 silly idealTree | `-- acorn@1.2.2
69 silly idealTree +-- wordwrap@0.0.3
69 silly idealTree +-- wrappy@1.0.2
69 silly idealTree +-- ws@1.1.2
69 silly idealTree +-- wtf-8@1.0.0
69 silly idealTree +-- xmlhttprequest-ssl@1.5.3
69 silly idealTree +-- yargs@3.10.0
69 silly idealTree `-- yeast@0.1.2
70 silly generateActionsToTake Starting
71 silly install generateActionsToTake
72 silly generateActionsToTake Finishing
73 silly diffTrees action count 2
74 silly diffTrees add node-curl@0.3.3
75 silly diffTrees update pool-redis@0.1.2
76 silly decomposeActions action count 16
77 silly decomposeActions fetch node-curl@0.3.3
78 silly decomposeActions extract node-curl@0.3.3
79 silly decomposeActions test node-curl@0.3.3
80 silly decomposeActions preinstall node-curl@0.3.3
81 silly decomposeActions build node-curl@0.3.3
82 silly decomposeActions install node-curl@0.3.3
83 silly decomposeActions postinstall node-curl@0.3.3
84 silly decomposeActions finalize node-curl@0.3.3
85 silly decomposeActions fetch pool-redis@0.1.2
86 silly decomposeActions extract pool-redis@0.1.2
87 silly decomposeActions test pool-redis@0.1.2
88 silly decomposeActions preinstall pool-redis@0.1.2
89 silly decomposeActions build pool-redis@0.1.2
90 silly decomposeActions install pool-redis@0.1.2
91 silly decomposeActions postinstall pool-redis@0.1.2
92 silly decomposeActions finalize pool-redis@0.1.2
93 silly executeActions Starting
94 silly install executeActions
95 silly doSerial global-install 0
96 silly doParallel fetch 2
97 verbose correctMkdir C:\Users\Administrator\AppData\Roaming\npm-cache\_locks correctMkdir not in flight; initializing
98 verbose lock using C:\Users\Administrator\AppData\Roaming\npm-cache\_locks\staging-c39f17e1c7a47c32.lock for D:\JavaScript\知社\restapi和脚本服务\node_modules\.staging
99 silly doParallel extract 2
100 silly extract node-curl@0.3.3
101 silly extract pool-redis@0.1.2
102 verbose unbuild node_modules\.staging\pool-redis-e8cb5f06
103 verbose unbuild node_modules\.staging\node-curl-43b14427
104 silly gentlyRm D:\JavaScript\知社\restapi和脚本服务\node_modules\.staging\pool-redis-e8cb5f06 is being purged from base D:\JavaScript\知社\restapi和脚本服务
105 verbose gentlyRm don't care about contents; nuking D:\JavaScript\知社\restapi和脚本服务\node_modules\.staging\pool-redis-e8cb5f06
106 verbose tar unpack C:\Users\Administrator\AppData\Roaming\npm-cache\pool-redis\0.1.2\package.tgz
107 verbose tar unpacking to D:\JavaScript\知社\restapi和脚本服务\node_modules\.staging\pool-redis-e8cb5f06
108 silly gentlyRm D:\JavaScript\知社\restapi和脚本服务\node_modules\.staging\pool-redis-e8cb5f06 is being purged
109 verbose gentlyRm don't care about contents; nuking D:\JavaScript\知社\restapi和脚本服务\node_modules\.staging\pool-redis-e8cb5f06
110 silly gentlyRm D:\JavaScript\知社\restapi和脚本服务\node_modules\.staging\node-curl-43b14427 is being purged from base D:\JavaScript\知社\restapi和脚本服务
111 verbose gentlyRm don't care about contents; nuking D:\JavaScript\知社\restapi和脚本服务\node_modules\.staging\node-curl-43b14427
112 silly gunzTarPerm modes [ '777', '666' ]
113 verbose tar unpack C:\Users\Administrator\AppData\Roaming\npm-cache\node-curl\0.3.3\package.tgz
114 verbose tar unpacking to D:\JavaScript\知社\restapi和脚本服务\node_modules\.staging\node-curl-43b14427
115 silly gentlyRm D:\JavaScript\知社\restapi和脚本服务\node_modules\.staging\node-curl-43b14427 is being purged
116 verbose gentlyRm don't care about contents; nuking D:\JavaScript\知社\restapi和脚本服务\node_modules\.staging\node-curl-43b14427
117 silly gunzTarPerm modes [ '777', '666' ]
118 silly gunzTarPerm extractEntry package.json
119 silly gunzTarPerm modified mode [ 'package.json', 420, 438 ]
120 silly gunzTarPerm extractEntry package.json
121 silly gunzTarPerm modified mode [ 'package.json', 420, 438 ]
122 silly gunzTarPerm extractEntry .npmignore
123 silly gunzTarPerm modified mode [ '.npmignore', 420, 438 ]
124 silly gunzTarPerm extractEntry README.md
125 silly gunzTarPerm modified mode [ 'README.md', 420, 438 ]
126 silly gunzTarPerm extractEntry .npmignore
127 silly gunzTarPerm modified mode [ '.npmignore', 420, 438 ]
128 silly gunzTarPerm extractEntry README.md
129 silly gunzTarPerm modified mode [ 'README.md', 420, 438 ]
130 silly gunzTarPerm extractEntry LICENSE
131 silly gunzTarPerm modified mode [ 'LICENSE', 420, 438 ]
132 silly gunzTarPerm extractEntry default-settings.js
133 silly gunzTarPerm modified mode [ 'default-settings.js', 420, 438 ]
134 silly gunzTarPerm extractEntry index.js
135 silly gunzTarPerm modified mode [ 'index.js', 420, 438 ]
136 silly gunzTarPerm extractEntry binding.gyp
137 silly gunzTarPerm modified mode [ 'binding.gyp', 420, 438 ]
138 silly gunzTarPerm extractEntry helpers.js
139 silly gunzTarPerm modified mode [ 'helpers.js', 420, 438 ]
140 silly gunzTarPerm extractEntry index.js
141 silly gunzTarPerm modified mode [ 'index.js', 420, 438 ]
142 silly gunzTarPerm extractEntry examples/curl.js
143 silly gunzTarPerm modified mode [ 'examples/curl.js', 420, 438 ]
144 silly gunzTarPerm extractEntry examples/low-level.js
145 silly gunzTarPerm modified mode [ 'examples/low-level.js', 420, 438 ]
146 silly gunzTarPerm extractEntry test.js
147 silly gunzTarPerm modified mode [ 'test.js', 420, 438 ]
148 silly gunzTarPerm extractEntry examples/post-multi-part.js
149 silly gunzTarPerm modified mode [ 'examples/post-multi-part.js', 420, 438 ]
150 silly gunzTarPerm extractEntry examples/test.js
151 silly gunzTarPerm modified mode [ 'examples/test.js', 420, 438 ]
152 silly gunzTarPerm extractEntry examples/low-level-pressure.js
153 silly gunzTarPerm modified mode [ 'examples/low-level-pressure.js', 420, 438 ]
154 silly gunzTarPerm extractEntry examples/test-stream.js
155 silly gunzTarPerm modified mode [ 'examples/test-stream.js', 420, 438 ]
156 silly gunzTarPerm extractEntry examples/pressure-multi-post.js
157 silly gunzTarPerm modified mode [ 'examples/pressure-multi-post.js', 420, 438 ]
158 silly gunzTarPerm extractEntry examples/test-get-info.js
159 silly gunzTarPerm modified mode [ 'examples/test-get-info.js', 420, 438 ]
160 silly gunzTarPerm extractEntry examples/test-errors.js
161 silly gunzTarPerm modified mode [ 'examples/test-errors.js', 420, 438 ]
162 silly gunzTarPerm extractEntry examples/quick-start.js
163 silly gunzTarPerm modified mode [ 'examples/quick-start.js', 420, 438 ]
164 silly gunzTarPerm extractEntry examples/post.js
165 silly gunzTarPerm modified mode [ 'examples/post.js', 420, 438 ]
166 silly gunzTarPerm extractEntry examples/pressure.js
167 silly gunzTarPerm modified mode [ 'examples/pressure.js', 420, 438 ]
168 silly gunzTarPerm extractEntry examples/pressure.toffee
169 silly gunzTarPerm modified mode [ 'examples/pressure.toffee', 420, 438 ]
170 silly gunzTarPerm extractEntry examples/curl.toffee
171 silly gunzTarPerm modified mode [ 'examples/curl.toffee', 420, 438 ]
172 silly gunzTarPerm extractEntry examples/test-errors.toffee
173 silly gunzTarPerm modified mode [ 'examples/test-errors.toffee', 420, 438 ]
174 silly gunzTarPerm extractEntry examples/pressure-multi-post.toffee
175 silly gunzTarPerm modified mode [ 'examples/pressure-multi-post.toffee', 420, 438 ]
176 silly gunzTarPerm extractEntry examples/post.toffee
177 silly gunzTarPerm modified mode [ 'examples/post.toffee', 420, 438 ]
178 silly gunzTarPerm extractEntry examples/test-stream.toffee
179 silly gunzTarPerm modified mode [ 'examples/test-stream.toffee', 420, 438 ]
180 silly gunzTarPerm extractEntry examples/post-multi-part.toffee
181 silly gunzTarPerm modified mode [ 'examples/post-multi-part.toffee', 420, 438 ]
182 silly gunzTarPerm extractEntry examples/test.toffee
183 silly gunzTarPerm modified mode [ 'examples/test.toffee', 420, 438 ]
184 silly gunzTarPerm extractEntry .travis.yml
185 silly gunzTarPerm modified mode [ '.travis.yml', 420, 438 ]
186 silly gunzTarPerm extractEntry index.toffee
187 silly gunzTarPerm modified mode [ 'index.toffee', 420, 438 ]
188 silly gunzTarPerm extractEntry lib/Curl.js
189 silly gunzTarPerm modified mode [ 'lib/Curl.js', 420, 438 ]
190 silly gunzTarPerm extractEntry lib/CurlBuilder.js
191 silly gunzTarPerm modified mode [ 'lib/CurlBuilder.js', 420, 438 ]
192 silly gunzTarPerm extractEntry lib/Curl.toffee
193 silly gunzTarPerm modified mode [ 'lib/Curl.toffee', 420, 438 ]
194 silly gunzTarPerm extractEntry lib/CurlBuilder.toffee
195 silly gunzTarPerm modified mode [ 'lib/CurlBuilder.toffee', 420, 438 ]
196 silly gunzTarPerm extractEntry LICENSE-MIT
197 silly gunzTarPerm modified mode [ 'LICENSE-MIT', 420, 438 ]
198 silly gunzTarPerm extractEntry src/generate_curl_options_list.sh
199 silly gunzTarPerm modified mode [ 'src/generate_curl_options_list.sh', 493, 511 ]
200 silly gunzTarPerm extractEntry src/node-curl.cc
201 silly gunzTarPerm modified mode [ 'src/node-curl.cc', 420, 438 ]
202 silly gunzTarPerm extractEntry src/node-curl.h
203 silly gunzTarPerm modified mode [ 'src/node-curl.h', 420, 438 ]
204 silly gunzTarPerm extractEntry wscript
205 silly gunzTarPerm modified mode [ 'wscript', 420, 438 ]
206 silly gentlyRm D:\JavaScript\知社\restapi和脚本服务\node_modules\.staging\pool-redis-e8cb5f06\node_modules is being purged
207 verbose gentlyRm don't care about contents; nuking D:\JavaScript\知社\restapi和脚本服务\node_modules\.staging\pool-redis-e8cb5f06\node_modules
208 silly gentlyRm D:\JavaScript\知社\restapi和脚本服务\node_modules\.staging\node-curl-43b14427\node_modules is being purged
209 verbose gentlyRm don't care about contents; nuking D:\JavaScript\知社\restapi和脚本服务\node_modules\.staging\node-curl-43b14427\node_modules
210 silly doParallel preinstall 2
211 silly preinstall node-curl@0.3.3 D:\JavaScript\知社\restapi和脚本服务\node_modules\.staging\node-curl-43b14427
212 info lifecycle node-curl@0.3.3~preinstall: node-curl@0.3.3
213 silly preinstall pool-redis@0.1.2 D:\JavaScript\知社\restapi和脚本服务\node_modules\.staging\pool-redis-e8cb5f06
214 info lifecycle pool-redis@0.1.2~preinstall: pool-redis@0.1.2
215 silly lifecycle node-curl@0.3.3~preinstall: no script for preinstall, continuing
216 silly lifecycle pool-redis@0.1.2~preinstall: no script for preinstall, continuing
217 silly doReverseSerial remove 0
218 silly doSerial move 0
219 silly doSerial finalize 2
220 silly finalize D:\JavaScript\知社\restapi和脚本服务\node_modules\node-curl
221 silly finalize D:\JavaScript\知社\restapi和脚本服务\node_modules\pool-redis
222 silly doSerial build 2
223 silly build node-curl@0.3.3
224 info linkStuff node-curl@0.3.3
225 silly linkStuff node-curl@0.3.3 has D:\JavaScript\知社\restapi和脚本服务\node_modules as its parent node_modules
226 verbose linkBins node-curl@0.3.3
227 verbose linkMans node-curl@0.3.3
228 silly build pool-redis@0.1.2
229 info linkStuff pool-redis@0.1.2
230 silly linkStuff pool-redis@0.1.2 has D:\JavaScript\知社\restapi和脚本服务\node_modules as its parent node_modules
231 verbose linkBins pool-redis@0.1.2
232 verbose linkMans pool-redis@0.1.2
233 silly doSerial global-link 0
234 silly doParallel update-linked 0
235 silly doSerial install 2
236 silly install node-curl@0.3.3 D:\JavaScript\知社\restapi和脚本服务\node_modules\.staging\node-curl-43b14427
237 info lifecycle node-curl@0.3.3~install: node-curl@0.3.3
238 verbose lifecycle node-curl@0.3.3~install: unsafe-perm in lifecycle true
239 verbose lifecycle node-curl@0.3.3~install: PATH: C:\Program Files\nodejs\node_modules\npm\bin\node-gyp-bin;D:\JavaScript\知社\restapi和脚本服务\node_modules\node-curl\node_modules\.bin;D:\JavaScript\知社\restapi和脚本服务\node_modules\.bin;C:\Program Files\nodejs;C:\Program Files (x86)\Common Files\NetSarang;C:\ProgramData\Oracle\Java\javapath;C:\WINDOWS\system32;C:\WINDOWS;C:\WINDOWS\System32\Wbem;C:\WINDOWS\System32\WindowsPowerShell\v1.0\;C:\WINDOWS\system32\config\systemprofile\.dnx\bin;C:\Program Files\Microsoft DNX\Dnvm\;C:\Program Files (x86)\Windows Kits\8.1\Windows Performance Toolkit\;C:\Program Files\Microsoft SQL Server\120\Tools\Binn\;C:\Program Files\Microsoft SQL Server\130\Tools\Binn\;C:\Program Files\Microsoft SQL Server\Client SDK\ODBC\110\Tools\Binn\;C:\Program Files (x86)\Microsoft SQL Server\120\Tools\Binn\;C:\Program Files\Microsoft SQL Server\120\DTS\Binn\;C:\Program Files (x86)\Microsoft SQL Server\120\Tools\Binn\ManagementStudio\;C:\Program Files (x86)\Microsoft SQL Server\120\DTS\Binn\;C:\Program Files\Microsoft SQL Server\110\Tools\Binn\;C:\Program Files\Intel\WiFi\bin\;C:\Program Files\Common Files\Intel\WirelessCommon\;C:\Program Files\MATLAB\R2015b\runtime\win64;C:\Program Files\MATLAB\R2015b\bin;C:\Program Files\MATLAB\R2015b\polyspace\bin;C:\Program Files\MySQL\MySQL Utilities 1.6\;C:\Program Files\Git\cmd;C:\Program Files\Git\mingw64\bin;C:\Program Files\Git\usr\bin;C:\Program Files\nodejs\;c:\Program Files (x86)\QuickTime\QTSystem\;C:\Program Files (x86)\Lua\5.1;C:\Program Files (x86)\Lua\5.1\clibs;C:\Program Files\TortoiseSVN\bin;C:\Program Files (x86)\OpenVPN\bin;C:\Users\Administrator\AppData\Local\Programs\Python\Python35-32\Scripts\;C:\Users\Administrator\AppData\Local\Programs\Python\Python35-32\;C:\Program Files\Intel\WiFi\bin\;C:\Program Files\Common Files\Intel\WirelessCommon\;C:\Users\Administrator\AppData\Roaming\npm;D:\JAVA\工具类\jpython;C:\Python27;C:\Users\Administrator\AppData\Local\Microsoft\WindowsApps;C:\Program Files\Java\jdk1.8.0_74\bin;C:\Program Files\Java\jdk1.8.0_74\jre\bin;C:\Users\Administrator\AppData\Local\.meteor\;C:\Program Files\MongoDB\Server\3.4\bin;C:\Program Files (x86)\Microsoft VS Code\bin
240 verbose lifecycle node-curl@0.3.3~install: CWD: D:\JavaScript\知社\restapi和脚本服务\node_modules\node-curl
241 silly lifecycle node-curl@0.3.3~install: Args: [ '/d /s /c',
241 silly lifecycle   'sh src/generate_curl_options_list.sh && (node-gyp rebuild || node-waf configure build)' ]
242 silly lifecycle node-curl@0.3.3~install: Returned: code: 1  signal: null
243 info lifecycle node-curl@0.3.3~install: Failed to exec install script
244 verbose unlock done using C:\Users\Administrator\AppData\Roaming\npm-cache\_locks\staging-c39f17e1c7a47c32.lock for D:\JavaScript\知社\restapi和脚本服务\node_modules\.staging
245 silly rollbackFailedOptional Starting
246 silly rollbackFailedOptional Finishing
247 silly runTopLevelLifecycles Starting
248 silly runTopLevelLifecycles Finishing
249 silly install printInstalled
250 verbose stack Error: node-curl@0.3.3 install: `sh src/generate_curl_options_list.sh && (node-gyp rebuild || node-waf configure build)`
250 verbose stack Exit status 1
250 verbose stack     at EventEmitter.<anonymous> (C:\Program Files\nodejs\node_modules\npm\lib\utils\lifecycle.js:245:16)
250 verbose stack     at emitTwo (events.js:106:13)
250 verbose stack     at EventEmitter.emit (events.js:191:7)
250 verbose stack     at ChildProcess.<anonymous> (C:\Program Files\nodejs\node_modules\npm\lib\utils\spawn.js:24:14)
250 verbose stack     at emitTwo (events.js:106:13)
250 verbose stack     at ChildProcess.emit (events.js:191:7)
250 verbose stack     at maybeClose (internal/child_process.js:850:16)
250 verbose stack     at Process.ChildProcess._handle.onexit (internal/child_process.js:215:5)
251 verbose pkgid node-curl@0.3.3
252 verbose cwd D:\JavaScript\知社\restapi和脚本服务
253 error Windows_NT 10.0.14393
254 error argv "C:\\Program Files\\nodejs\\node.exe" "C:\\Program Files\\nodejs\\node_modules\\npm\\bin\\npm-cli.js" "install" "node-curl" "--save"
255 error node v6.2.0
256 error npm  v3.8.9
257 error code ELIFECYCLE
258 error node-curl@0.3.3 install: `sh src/generate_curl_options_list.sh && (node-gyp rebuild || node-waf configure build)`
258 error Exit status 1
259 error Failed at the node-curl@0.3.3 install script 'sh src/generate_curl_options_list.sh && (node-gyp rebuild || node-waf configure build)'.
259 error Make sure you have the latest version of node.js and npm installed.
259 error If you do, this is most likely a problem with the node-curl package,
259 error not with npm itself.
259 error Tell the author that this fails on your system:
259 error     sh src/generate_curl_options_list.sh && (node-gyp rebuild || node-waf configure build)
259 error You can get information on how to open an issue for this project with:
259 error     npm bugs node-curl
259 error Or if that isn't available, you can get their info via:
259 error     npm owner ls node-curl
259 error There is likely additional logging output above.
260 verbose exit [ 1, true ]
